<?xml version="1.0" encoding="UTF-8"?>
<!-- Generated by org.testng.reporters.JUnitXMLReporter -->
<testsuite ignored="0" hostname="MacBooks-MacBook-Pro.local" failures="1" tests="2" name="Test" time="15.555" errors="0" timestamp="10 Mar 2021 06:35:18 GMT">
  <testcase classname="com.training.Demo_ExtentReports.SalesForceLogin" name="Login_01" time="6.475"/>
  <testcase classname="com.training.Demo_ExtentReports.SalesForceLogin" name="Login_02" time="6.676">
    <failure type="java.lang.AssertionError" message="Login_TC02 FAILED">
      <![CDATA[java.lang.AssertionError: Login_TC02 FAILED
at com.training.Demo_ExtentReports.SalesForceLogin.Login_02(SalesForceLogin.java:105)
... Removed 26 stack frames]]>
    </failure>
  </testcase> <!-- Login_02 -->
</testsuite> <!-- Test -->
